# JRE version: OpenJDK Runtime Environment Temurin-21.0.8+9 (21.0.8+9) (build 21.0.8+9-LTS)
# Java VM: OpenJDK 64-Bit Server VM Temurin-21.0.8+9 (21.0.8+9-LTS, mixed mode, sharing, tiered, compressed oops, compressed class ptrs, g1 gc, windows-amd64)
GC Precious Log:
 CardTable entry size: 512
 Card Set container configuration: InlinePtr #cards 5 size 8 Array Of Cards #cards 12 size 40 Howl #buckets 4 coarsen threshold 1843 Howl Bitmap #cards 512 size 80 coarsen threshold 460 Card regions per heap region 1 cards per card region 2048
 CPUs: 12 total, 12 available
 Memory: 7532M
 Large Page Support: Disabled
 NUMA Support: Disabled
 Compressed Oops: Enabled (32-bit)
 Heap Region Size: 1M
 Heap Min Capacity: 8M
 Heap Initial Capacity: 118M
 Heap Max Capacity: 2G
 Pre-touch: Disabled
 Parallel Workers: 10
 Concurrent Workers: 3
 Concurrent Refinement Workers: 10
 Periodic GC: Disabled
Heap:
 garbage-first heap   total 120832K, used 93505K [0x0000000080000000, 0x0000000100000000)
  region size 1024K, 41 young (41984K), 5 survivors (5120K)
 Metaspace       used 51866K, committed 53248K, reserved 1114112K
  class space    used 5264K, committed 5888K, reserved 1048576K
GC Heap History (20 events):
Event: 5.170 GC heap before
{Heap before GC invocations=12 (full 0):
 garbage-first heap   total 93184K, used 81265K [0x0000000080000000, 0x0000000100000000)
  region size 1024K, 53 young (54272K), 3 survivors (3072K)
 Metaspace       used 35386K, committed 36608K, reserved 1114112K
  class space    used 3572K, committed 4096K, reserved 1048576K
}
Event: 5.175 GC heap after
{Heap after GC invocations=13 (full 0):
 garbage-first heap   total 93184K, used 34052K [0x0000000080000000, 0x0000000100000000)
  region size 1024K, 7 young (7168K), 7 survivors (7168K)
 Metaspace       used 35386K, committed 36608K, reserved 1114112K
  class space    used 3572K, committed 4096K, reserved 1048576K
}
Event: 5.323 GC heap before
{Heap before GC invocations=13 (full 0):
 garbage-first heap   total 93184K, used 78084K [0x0000000080000000, 0x0000000100000000)
  region size 1024K, 51 young (52224K), 7 survivors (7168K)
 Metaspace       used 36124K, committed 37312K, reserved 1114112K
  class space    used 3662K, committed 4160K, reserved 1048576K
}
Event: 5.331 GC heap after
{Heap after GC invocations=14 (full 0):
 garbage-first heap   total 93184K, used 36907K [0x0000000080000000, 0x0000000100000000)
  region size 1024K, 4 young (4096K), 4 survivors (4096K)
 Metaspace       used 36124K, committed 37312K, reserved 1114112K
  class space    used 3662K, committed 4160K, reserved 1048576K
}
Event: 5.990 GC heap before
{Heap before GC invocations=14 (full 0):
 garbage-first heap   total 93184K, used 80939K [0x0000000080000000, 0x0000000100000000)
  region size 1024K, 48 young (49152K), 4 survivors (4096K)
 Metaspace       used 40960K, committed 42240K, reserved 1114112K
  class space    used 4256K, committed 4800K, reserved 1048576K
}
Event: 5.996 GC heap after
{Heap after GC invocations=15 (full 0):
 garbage-first heap   total 93184K, used 39080K [0x0000000080000000, 0x0000000100000000)
  region size 1024K, 6 young (6144K), 6 survivors (6144K)
 Metaspace       used 40960K, committed 42240K, reserved 1114112K
  class space    used 4256K, committed 4800K, reserved 1048576K
}
Event: 6.646 GC heap before
{Heap before GC invocations=15 (full 0):
 garbage-first heap   total 93184K, used 79016K [0x0000000080000000, 0x0000000100000000)
  region size 1024K, 46 young (47104K), 6 survivors (6144K)
 Metaspace       used 44653K, committed 45952K, reserved 1114112K
  class space    used 4612K, committed 5184K, reserved 1048576K
}
Event: 6.660 GC heap after
{Heap after GC invocations=16 (full 0):
 garbage-first heap   total 93184K, used 40870K [0x0000000080000000, 0x0000000100000000)
  region size 1024K, 5 young (5120K), 5 survivors (5120K)
 Metaspace       used 44653K, committed 45952K, reserved 1114112K
  class space    used 4612K, committed 5184K, reserved 1048576K
}
Event: 7.904 GC heap before
{Heap before GC invocations=16 (full 0):
 garbage-first heap   total 93184K, used 79782K [0x0000000080000000, 0x0000000100000000)
  region size 1024K, 44 young (45056K), 5 survivors (5120K)
 Metaspace       used 47101K, committed 48512K, reserved 1114112K
  class space    used 4880K, committed 5504K, reserved 1048576K
}
Event: 7.912 GC heap after
{Heap after GC invocations=17 (full 0):
 garbage-first heap   total 120832K, used 41995K [0x0000000080000000, 0x0000000100000000)
  region size 1024K, 4 young (4096K), 4 survivors (4096K)
 Metaspace       used 47101K, committed 48512K, reserved 1114112K
  class space    used 4880K, committed 5504K, reserved 1048576K
}
Event: 9.001 GC heap before
{Heap before GC invocations=17 (full 0):
 garbage-first heap   total 120832K, used 108555K [0x0000000080000000, 0x0000000100000000)
  region size 1024K, 69 young (70656K), 4 survivors (4096K)
 Metaspace       used 49482K, committed 50816K, reserved 1114112K
  class space    used 5036K, committed 5632K, reserved 1048576K
}
Event: 9.007 GC heap after
{Heap after GC invocations=18 (full 0):
 garbage-first heap   total 120832K, used 47697K [0x0000000080000000, 0x0000000100000000)
  region size 1024K, 8 young (8192K), 8 survivors (8192K)
 Metaspace       used 49482K, committed 50816K, reserved 1114112K
  class space    used 5036K, committed 5632K, reserved 1048576K
}
Event: 9.418 GC heap before
{Heap before GC invocations=18 (full 0):
 garbage-first heap   total 120832K, used 104017K [0x0000000080000000, 0x0000000100000000)
  region size 1024K, 64 young (65536K), 8 survivors (8192K)
 Metaspace       used 51390K, committed 52800K, reserved 1114112K
  class space    used 5232K, committed 5888K, reserved 1048576K
}
Event: 9.426 GC heap after
{Heap after GC invocations=19 (full 0):
 garbage-first heap   total 120832K, used 50903K [0x0000000080000000, 0x0000000100000000)
  region size 1024K, 4 young (4096K), 4 survivors (4096K)
 Metaspace       used 51390K, committed 52800K, reserved 1114112K
  class space    used 5232K, committed 5888K, reserved 1048576K
}
Event: 9.532 GC heap before
{Heap before GC invocations=19 (full 0):
 garbage-first heap   total 120832K, used 108247K [0x0000000080000000, 0x0000000100000000)
  region size 1024K, 60 young (61440K), 4 survivors (4096K)
 Metaspace       used 51625K, committed 53056K, reserved 1114112K
  class space    used 5256K, committed 5888K, reserved 1048576K
}
Event: 9.536 GC heap after
{Heap after GC invocations=20 (full 0):
 garbage-first heap   total 120832K, used 52845K [0x0000000080000000, 0x0000000100000000)
  region size 1024K, 6 young (6144K), 6 survivors (6144K)
 Metaspace       used 51625K, committed 53056K, reserved 1114112K
  class space    used 5256K, committed 5888K, reserved 1048576K
}
Event: 9.628 GC heap before
{Heap before GC invocations=20 (full 0):
 garbage-first heap   total 120832K, used 107117K [0x0000000080000000, 0x0000000100000000)
  region size 1024K, 58 young (59392K), 6 survivors (6144K)
 Metaspace       used 51727K, committed 53120K, reserved 1114112K
  class space    used 5258K, committed 5888K, reserved 1048576K
}
Event: 9.636 GC heap after
{Heap after GC invocations=21 (full 0):
 garbage-first heap   total 120832K, used 56644K [0x0000000080000000, 0x0000000100000000)
  region size 1024K, 5 young (5120K), 5 survivors (5120K)
 Metaspace       used 51727K, committed 53120K, reserved 1114112K
  class space    used 5258K, committed 5888K, reserved 1048576K
}
Event: 9.748 GC heap before
{Heap before GC invocations=21 (full 0):
 garbage-first heap   total 120832K, used 107844K [0x0000000080000000, 0x0000000100000000)
  region size 1024K, 55 young (56320K), 5 survivors (5120K)
 Metaspace       used 51830K, committed 53184K, reserved 1114112K
  class space    used 5261K, committed 5888K, reserved 1048576K
}
Event: 9.755 GC heap after
{Heap after GC invocations=22 (full 0):
 garbage-first heap   total 120832K, used 58689K [0x0000000080000000, 0x0000000100000000)
  region size 1024K, 5 young (5120K), 5 survivors (5120K)
 Metaspace       used 51830K, committed 53184K, reserved 1114112K
  class space    used 5261K, committed 5888K, reserved 1048576K
}

